node_module/@capacitor/android/capacitor/build/outputs/logs/manifest-merger-debug-report.txt
-- Merging decision tree log ---
manifest
ADDED from src\main\AndroidManifest.xml:2:1-18:12
INJECTED from src\main\AndroidManifest.xml:2:1-18:12
INJECTED from src\main\AndroidManifest.xml:2:1-18:12
INJECTED from src\main\AndroidManifest.xml:2:1-18:12
INJECTED from src\main\AndroidManifest.xml:2:1-18:12
INJECTED from src\main\AndroidManifest.xml:2:1-18:12
INJECTED from src\main\AndroidManifest.xml:2:1-18:12
	package
		ADDED from src\main\AndroidManifest.xml:3:5-39
		INJECTED from src\main\AndroidManifest.xml
		INJECTED from src\main\AndroidManifest.xml
	android:versionName
		INJECTED from src\main\AndroidManifest.xml
		ADDED from src\main\AndroidManifest.xml:2:1-18:12
		INJECTED from src\main\AndroidManifest.xml
	android:versionCode
		INJECTED from src\main\AndroidManifest.xml
		ADDED from src\main\AndroidManifest.xml:2:1-18:12
		INJECTED from src\main\AndroidManifest.xml
	xmlns:android
		ADDED from src\main\AndroidManifest.xml:2:11-69
uses-feature#android.hardware.camera
ADDED from src\main\AndroidManifest.xml:4:5-5:36
	android:required
		ADDED from src\main\AndroidManifest.xml:5:9-33
	android:name
		ADDED from src\main\AndroidManifest.xml:4:19-57
application
ADDED from src\main\AndroidManifest.xml:7:5-17:19
service#com.getcapacitor.plugin.background.BackgroundTaskService
ADDED from src\main\AndroidManifest.xml:8:9-117
	android:exported
		ADDED from src\main\AndroidManifest.xml:8:90-114
	android:name
		ADDED from src\main\AndroidManifest.xml:8:18-89
receiver#com.getcapacitor.plugin.notification.TimedNotificationPublisher
ADDED from src\main\AndroidManifest.xml:9:9-100
	android:name
		ADDED from src\main\AndroidManifest.xml:9:19-97
receiver#com.getcapacitor.plugin.notification.NotificationDismissReceiver
ADDED from src\main\AndroidManifest.xml:10:9-101
	android:name
		ADDED from src\main\AndroidManifest.xml:10:19-98
meta-data#firebase_messaging_auto_init_enabled
ADDED from src\main\AndroidManifest.xml:11:9-96
	android:value
		ADDED from src\main\AndroidManifest.xml:11:72-93
	android:name
		ADDED from src\main\AndroidManifest.xml:11:20-71
service#com.getcapacitor.CapacitorFirebaseMessagingService
ADDED from src\main\AndroidManifest.xml:12:9-16:19
	android:stopWithTask
		ADDED from src\main\AndroidManifest.xml:12:84-112
	android:name
		ADDED from src\main\AndroidManifest.xml:12:18-83
intent-filter#action:name:com.google.firebase.MESSAGING_EVENT
ADDED from src\main\AndroidManifest.xml:13:13-15:29
action#com.google.firebase.MESSAGING_EVENT
ADDED from src\main\AndroidManifest.xml:14:17-78
	android:name
		ADDED from src\main\AndroidManifest.xml:14:25-75
uses-sdk
INJECTED from src\main\AndroidManifest.xml reason: use-sdk injection requested
INJECTED from src\main\AndroidManifest.xml
INJECTED from src\main\AndroidManifest.xml
INJECTED from src\main\AndroidManifest.xml
INJECTED from src\main\AndroidManifest.xml
	android:targetSdkVersion
		INJECTED from src\main\AndroidManifest.xml
		ADDED from src\main\AndroidManifest.xml
		INJECTED from src\main\AndroidManifest.xml
	android:minSdkVersion
		INJECTED from src\main\AndroidManifest.xml
		ADDED from src\main\AndroidManifest.xml
		INJECTED from src\main\AndroidManifest.xml